<?xml version="1.0" encoding="UTF-8" ?>
<testsuite tests="1" failures="0" name="RangeTest" time="0.008" errors="0" skipped="0">
  <properties>
    <property name="java.runtime.name" value="Java(TM) SE Runtime Environment"/>
    <property name="sun.boot.library.path" value="C:\PROGRA~1\Java\jdk1.8.0_311\jre\bin"/>
    <property name="java.vm.version" value="25.311-b11"/>
    <property name="java.vm.vendor" value="Oracle Corporation"/>
    <property name="maven.multiModuleProjectDirectory" value="C:\Users\Wilson\IdeaProjects\pigexample"/>
    <property name="java.vendor.url" value="http://java.oracle.com/"/>
    <property name="path.separator" value=";"/>
    <property name="guice.disable.misplaced.annotation.check" value="true"/>
    <property name="java.vm.name" value="Java HotSpot(TM) 64-Bit Server VM"/>
    <property name="file.encoding.pkg" value="sun.io"/>
    <property name="user.script" value=""/>
    <property name="user.country" value="CN"/>
    <property name="sun.java.launcher" value="SUN_STANDARD"/>
    <property name="sun.os.patch.level" value=""/>
    <property name="java.vm.specification.name" value="Java Virtual Machine Specification"/>
    <property name="user.dir" value="C:\Users\Wilson\IdeaProjects\pigexample"/>
    <property name="java.runtime.version" value="1.8.0_311-b11"/>
    <property name="java.awt.graphicsenv" value="sun.awt.Win32GraphicsEnvironment"/>
    <property name="java.endorsed.dirs" value="C:\PROGRA~1\Java\jdk1.8.0_311\jre\lib\endorsed"/>
    <property name="os.arch" value="amd64"/>
    <property name="java.io.tmpdir" value="C:\Users\Wilson\AppData\Local\Temp\"/>
    <property name="line.separator" value="
"/>
    <property name="java.vm.specification.vendor" value="Oracle Corporation"/>
    <property name="user.variant" value=""/>
    <property name="os.name" value="Windows 10"/>
    <property name="classworlds.conf" value="C:\Program Files\JetBrains\IntelliJ IDEA 2019.2.4\plugins\maven\lib\maven3\bin\..\bin\m2.conf"/>
    <property name="sun.jnu.encoding" value="GBK"/>
    <property name="java.library.path" value="C:\PROGRA~1\Java\jdk1.8.0_311\bin;C:\WINDOWS\Sun\Java\bin;C:\WINDOWS\system32;C:\WINDOWS;C:\Program Files\Python36\Scripts\;C:\Program Files\Python36\;C:\PROGRA~1\Java\jdk1.8.0_311\bin;C:\WINDOWS\system32;C:\WINDOWS;C:\WINDOWS\System32\Wbem;C:\WINDOWS\System32\WindowsPowerShell\v1.0\;C:\WINDOWS\System32\OpenSSH\;C:\Program Files\TortoiseSVN\bin;C:\Program Files\Git\cmd;C:\Program Files\Amazon\AWSCLI\;C:\Program Files\Intel\WiFi\bin\;C:\Program Files\Common Files\Intel\WirelessCommon\;C:\Program Files\nodejs\;C:\Program Files (x86)\Microsoft SQL Server\150\DTS\Binn\;C:\Program Files\dotnet\;C:\Program Files\Microsoft SQL Server\130\Tools\Binn\;C:\Program Files\Microsoft SQL Server\Client SDK\ODBC\170\Tools\Binn\;C:\Program Files (x86)\NetSarang\Xshell 7\;C:\Program Files (x86)\NetSarang\Xftp 7\;D:\hadoop-2.10.1\bin;D:\hadoop-2.10.1\sbin;C:\Program Files\JetBrains\IntelliJ IDEA 2019.2.4\plugins\maven\lib\maven3\bin;C:\Program Files (x86)\sbt\bin;C:\Users\Wilson\Desktop\hadoop\hplsql-0.3.31;D:\software\BigData\pig-0.17.0\bin;C:\Users\Wilson\AppData\Local\Microsoft\WindowsApps;C:\Users\Wilson\AppData\Roaming\npm;C:\Users\Wilson\AppData\Local\Programs\Microsoft VS Code\bin;C:\PROGRA~1\Java\jdk1.8.0_311\bin;;."/>
    <property name="maven.conf" value="C:\Program Files\JetBrains\IntelliJ IDEA 2019.2.4\plugins\maven\lib\maven3\bin\../conf"/>
    <property name="java.specification.name" value="Java Platform API Specification"/>
    <property name="java.class.version" value="52.0"/>
    <property name="sun.management.compiler" value="HotSpot 64-Bit Tiered Compilers"/>
    <property name="os.version" value="10.0"/>
    <property name="library.jansi.path" value="C:\Program Files\JetBrains\IntelliJ IDEA 2019.2.4\plugins\maven\lib\maven3\bin\..\lib\jansi-native"/>
    <property name="user.home" value="C:\Users\Wilson"/>
    <property name="user.timezone" value="Asia/Shanghai"/>
    <property name="java.awt.printerjob" value="sun.awt.windows.WPrinterJob"/>
    <property name="java.specification.version" value="1.8"/>
    <property name="file.encoding" value="GBK"/>
    <property name="user.name" value="Wilson"/>
    <property name="java.class.path" value="C:\Program Files\JetBrains\IntelliJ IDEA 2019.2.4\plugins\maven\lib\maven3\bin\..\boot\plexus-classworlds-2.6.0.jar"/>
    <property name="java.vm.specification.version" value="1.8"/>
    <property name="sun.arch.data.model" value="64"/>
    <property name="java.home" value="C:\PROGRA~1\Java\jdk1.8.0_311\jre"/>
    <property name="sun.java.command" value="org.codehaus.plexus.classworlds.launcher.Launcher package -DskipTest"/>
    <property name="java.specification.vendor" value="Oracle Corporation"/>
    <property name="user.language" value="zh"/>
    <property name="awt.toolkit" value="sun.awt.windows.WToolkit"/>
    <property name="java.vm.info" value="mixed mode"/>
    <property name="java.version" value="1.8.0_311"/>
    <property name="java.ext.dirs" value="C:\PROGRA~1\Java\jdk1.8.0_311\jre\lib\ext;C:\WINDOWS\Sun\Java\lib\ext"/>
    <property name="sun.boot.class.path" value="C:\PROGRA~1\Java\jdk1.8.0_311\jre\lib\resources.jar;C:\PROGRA~1\Java\jdk1.8.0_311\jre\lib\rt.jar;C:\PROGRA~1\Java\jdk1.8.0_311\jre\lib\sunrsasign.jar;C:\PROGRA~1\Java\jdk1.8.0_311\jre\lib\jsse.jar;C:\PROGRA~1\Java\jdk1.8.0_311\jre\lib\jce.jar;C:\PROGRA~1\Java\jdk1.8.0_311\jre\lib\charsets.jar;C:\PROGRA~1\Java\jdk1.8.0_311\jre\lib\jfr.jar;C:\PROGRA~1\Java\jdk1.8.0_311\jre\classes"/>
    <property name="sun.stderr.encoding" value="ms936"/>
    <property name="java.vendor" value="Oracle Corporation"/>
    <property name="skipTest" value="true"/>
    <property name="maven.home" value="C:\Program Files\JetBrains\IntelliJ IDEA 2019.2.4\plugins\maven\lib\maven3\bin\.."/>
    <property name="file.separator" value="\"/>
    <property name="java.vendor.url.bug" value="http://bugreport.sun.com/bugreport/"/>
    <property name="sun.cpu.endian" value="little"/>
    <property name="sun.io.unicode.encoding" value="UnicodeLittle"/>
    <property name="sun.stdout.encoding" value="ms936"/>
    <property name="sun.desktop" value="windows"/>
    <property name="sun.cpu.isalist" value="amd64"/>
  </properties>
  <testcase classname="RangeTest" name="rangeTest" time="0.008"/>
</testsuite>